<?xml version="1.0" encoding="UTF-8"?>
<testsuite xmlns:xsi="http://www.w3.org/2001/XMLSchema-instance" xsi:noNamespaceSchemaLocation="https://maven.apache.org/surefire/maven-surefire-plugin/xsd/surefire-test-report-3.0.xsd" version="3.0" name="com.example.demo.Tarea2ApplicationTests" time="9.193" tests="1" errors="0" skipped="0" failures="0">
  <properties>
[...]
</properties>
  <testcase name="contextLoads" classname="com.example.demo.Tarea2ApplicationTests" time="2.922">
    <system-out><![CDATA[17:44:06.080 [main] INFO org.springframework.test.context.support.AnnotationConfigContextLoaderUtils -- Could not detect default configuration classes for test class [com.example.demo.Tarea2ApplicationTests]: Tarea2ApplicationTests does not declare any static, non-private, non-final, nested classes annotated with @Configuration.
17:44:06.445 [main] INFO org.springframework.boot.test.context.SpringBootTestContextBootstrapper -- Found @SpringBootConfiguration com.example.demo.Tarea2Application for test class com.example.demo.Tarea2ApplicationTests
17:44:06.934 [main] INFO org.springframework.boot.devtools.restart.RestartApplicationListener -- Restart disabled due to context in which it is running

  .   ____          _            __ _ _
 /\\ / ___'_ __ _ _(_)_ __  __ _ \ \ \ \
( ( )\___ | '_ | '_| | '_ \/ _` | \ \ \ \
 \\/  ___)| |_)| | | | | || (_| |  ) ) ) )
  '  |____| .__|_| |_|_| |_\__, | / / / /
 =========|_|==============|___/=/_/_/_/
 :: Spring Boot ::                (v3.2.2)

2024-03-01T17:44:07.646-06:00  INFO 17232 --- [           main] c.example.demo.Tarea2ApplicationTests    : Starting Tarea2ApplicationTests using Java 21 with PID 17232 (started by jurgu in C:\Users\jurgu\Documents\Downloads\tarea2\demo)
2024-03-01T17:44:07.650-06:00  INFO 17232 --- [           main] c.example.demo.Tarea2ApplicationTests    : No active profile set, falling back to 1 default profile: "default"
2024-03-01T17:44:11.703-06:00  INFO 17232 --- [           main] c.example.demo.Tarea2ApplicationTests    : Started Tarea2ApplicationTests in 4.813 seconds (process running for 8.024)
]]></system-out>
    <system-err><![CDATA[WARNING: A Java agent has been loaded dynamically (C:\Users\jurgu\.m2\repository\net\bytebuddy\byte-buddy-agent\1.14.11\byte-buddy-agent-1.14.11.jar)
WARNING: If a serviceability tool is in use, please run with -XX:+EnableDynamicAgentLoading to hide this warning
WARNING: If a serviceability tool is not in use, please run with -Djdk.instrument.traceUsage for more information
WARNING: Dynamic loading of agents will be disallowed by default in a future release
]]></system-err>
  </testcase>
</testsuite>